692072
677822
26289
57134
403341
256380
474344
28624
28622
123036
58530
28629
28722
112609
401509
28745
28581
814
28584
692063
284759
257468
6916
51561
168537
348035
64841
8482
28638
28639
257144
126069
28738
63926
29909
28737
5019
10730
112
10123
100302240
28522
389289
26157
122060
6785
341418
4122
28666
254428
28692
55423
28729
28643
28727
4213
574412
84455
90488
9840
9002
389119
51301
28716
81615
28714
28559
28711
26149
101928422
684959
55634
79814
28653
54436
55002
654320
2615
767564
23484
10418
10384
56917
645121
28701
28703
3212
28707
677792
2564
28663
28662
28518
28669
154761
91523
106481335
28726
54674
28749
129293
7481
79652
2921
2184
28713
28712
28586
54865
55384
1183
28517
28682
55304
28674
28676
28677
285331
340547
28672
28673
677805
140
1519
391059
6815
55204
9452
84830
28683
28567
28560
148266
28562
28688
28568
407009
6556
28657
3340
92106
28614
11320
28655
28602
29851
9953
166785
140876
54463
162394
28670
28690
9976
131450
28698
90625
9290
28611
28752
28751
28619
28755
6525
2531
2537
10947